<?xml version="1.0" encoding="UTF-8"?>
<!-- Generated by org.testng.reporters.JUnitReportReporter -->
<testsuite hostname="DESKTOP-C1US6VV" failures="0" tests="2" name="ParaBankTestPages.loginTestpage" time="11.074" errors="0" timestamp="13 Nov 2023 09:54:26 GMT">
  <testcase classname="ParaBankTestPages.loginTestpage" name="browserLaunch" time="7.563"/>
  <testcase classname="ParaBankTestPages.loginTestpage" name="enterData" time="3.511"/>
</testsuite> <!-- ParaBankTestPages.loginTestpage -->
