<?xml version="1.0" encoding="UTF-8"?>
<!-- Generated by org.testng.reporters.JUnitReportReporter -->
<testsuite hostname="DESKTOP-C1US6VV" failures="0" tests="2" name="ParaBankTestPages.registrationTestPage" time="14.154" errors="0" timestamp="13 Nov 2023 09:54:26 GMT">
  <testcase classname="ParaBankTestPages.registrationTestPage" name="browserLaunch" time="9.837"/>
  <testcase classname="ParaBankTestPages.registrationTestPage" name="registerData" time="4.317"/>
</testsuite> <!-- ParaBankTestPages.registrationTestPage -->
